<?xml version="1.0" encoding="utf-8" standalone="no"?>
<test-results xmlns:xsi="http://www.w3.org/2001/XMLSchema-instance" xsi:noNamespaceSchemaLocation="nunit_schema_2.5.xsd" name="Pester" total="4" errors="0" failures="3" not-run="0" inconclusive="0" ignored="0" skipped="0" invalid="0" date="2025-09-29" time="22:06:02">
  <environment os-version="10.0.26100" platform="Microsoft Windows 11 Home|C:\WINDOWS|\Device\Harddisk1\Partition3" clr-version="9.0.8" nunit-version="2.5.8.0" machine-name="JOHNSPC" user="johnk" user-domain="JOHNSPC" cwd="C:\Users\johnk\source\repos\MTM_WIP_Application_Avalonia" />
  <culture-info current-culture="en-US" current-uiculture="en-US" />
  <test-suite type="TestFixture" name="Pester" executed="True" result="Failure" success="False" time="0.5353" asserts="0" description="Pester">
    <results>
      <test-suite type="TestFixture" name="C:\Users\johnk\source\repos\MTM_WIP_Application_Avalonia\tests\GSC\copilot-chat\test-copilot-chat-memory-integration.ps1" executed="True" result="Failure" success="False" time="0.5353" asserts="0" description="C:\Users\johnk\source\repos\MTM_WIP_Application_Avalonia\tests\GSC\copilot-chat\test-copilot-chat-memory-integration.ps1">
        <results>
          <test-suite type="TestFixture" name="GSC GitHub Copilot Chat Memory Integration Tests" executed="True" result="Failure" success="False" time="0.2837" asserts="0" description="GSC GitHub Copilot Chat Memory Integration Tests">
            <results>
              <test-suite type="TestFixture" name="GSC GitHub Copilot Chat Memory Integration Tests.Memory Context Injection for Chat Commands" executed="True" result="Failure" success="False" time="0.198" asserts="0" description="GSC GitHub Copilot Chat Memory Integration Tests.Memory Context Injection for Chat Commands">
                <results>
                  <test-case description="Should inject relevant memory patterns into Copilot Chat slash commands" name="GSC GitHub Copilot Chat Memory Integration Tests.Memory Context Injection for Chat Commands.Should inject relevant memory patterns into Copilot Chat slash commands" time="0.1803" asserts="0" success="False" result="Failure" executed="True">
                    <failure>
                      <message>Expected the value to have type [array] or any of its subtypes, but got System.Collections.Hashtable with type [hashtable].</message>
                      <stack-trace>at $memoryContext.RelevantPatterns | Should -BeOfType [array], C:\Users\johnk\source\repos\MTM_WIP_Application_Avalonia\tests\GSC\copilot-chat\test-copilot-chat-memory-integration.ps1:59
at &lt;ScriptBlock&gt;, C:\Users\johnk\source\repos\MTM_WIP_Application_Avalonia\tests\GSC\copilot-chat\test-copilot-chat-memory-integration.ps1:59</stack-trace>
                    </failure>
                  </test-case>
                </results>
              </test-suite>
              <test-suite type="TestFixture" name="GSC GitHub Copilot Chat Memory Integration Tests.Chat Response Enhancement with Memory Patterns" executed="True" result="Failure" success="False" time="0.2205" asserts="0" description="GSC GitHub Copilot Chat Memory Integration Tests.Chat Response Enhancement with Memory Patterns">
                <results>
                  <test-case description="Should enhance Copilot Chat responses with memory pattern insights" name="GSC GitHub Copilot Chat Memory Integration Tests.Chat Response Enhancement with Memory Patterns.Should enhance Copilot Chat responses with memory pattern insights" time="0.0177" asserts="0" success="False" result="Failure" executed="True">
                    <failure>
                      <message>Expected the value to have type [array] or any of its subtypes, but got 'DataGrid Column Binding and Management' with type [string].</message>
                      <stack-trace>at $enhancedResponse.MemoryInsights | Should -BeOfType [array], C:\Users\johnk\source\repos\MTM_WIP_Application_Avalonia\tests\GSC\copilot-chat\test-copilot-chat-memory-integration.ps1:96
at &lt;ScriptBlock&gt;, C:\Users\johnk\source\repos\MTM_WIP_Application_Avalonia\tests\GSC\copilot-chat\test-copilot-chat-memory-integration.ps1:96</stack-trace>
                    </failure>
                  </test-case>
                </results>
              </test-suite>
              <test-suite type="TestFixture" name="GSC GitHub Copilot Chat Memory Integration Tests.Manufacturing Domain Context Integration" executed="True" result="Failure" success="False" time="0.2342" asserts="0" description="GSC GitHub Copilot Chat Memory Integration Tests.Manufacturing Domain Context Integration">
                <results>
                  <test-case description="Should provide manufacturing-specific context enhancements" name="GSC GitHub Copilot Chat Memory Integration Tests.Manufacturing Domain Context Integration.Should provide manufacturing-specific context enhancements" time="0.0087" asserts="0" success="False" result="Failure" executed="True">
                    <failure>
                      <message>Expected the value to have type [array] or any of its subtypes, but got '24/7 operations and shift handoff procedures' with type [string].</message>
                      <stack-trace>at $manufacturingContext.ManufacturingPatterns | Should -BeOfType [array], C:\Users\johnk\source\repos\MTM_WIP_Application_Avalonia\tests\GSC\copilot-chat\test-copilot-chat-memory-integration.ps1:127
at &lt;ScriptBlock&gt;, C:\Users\johnk\source\repos\MTM_WIP_Application_Avalonia\tests\GSC\copilot-chat\test-copilot-chat-memory-integration.ps1:127</stack-trace>
                    </failure>
                  </test-case>
                </results>
              </test-suite>
              <test-suite type="TestFixture" name="GSC GitHub Copilot Chat Memory Integration Tests.Performance Requirements for Chat Integration" executed="True" result="Success" success="True" time="0.265" asserts="0" description="GSC GitHub Copilot Chat Memory Integration Tests.Performance Requirements for Chat Integration">
                <results>
                  <test-case description="Should provide memory context within Chat response time limits" name="GSC GitHub Copilot Chat Memory Integration Tests.Performance Requirements for Chat Integration.Should provide memory context within Chat response time limits" time="0.0252" asserts="0" success="True" result="Success" executed="True" />
                </results>
              </test-suite>
            </results>
          </test-suite>
        </results>
      </test-suite>
    </results>
  </test-suite>
</test-results>